<?xml version="1.0" encoding="UTF-8" ?>
<testsuites disabled="0" errors="0" failures="0" tests="19" time="10.808">
 <testsuite name="header page" timestamp="2021-04-25T16:08:49" hostname="localhost" time="1.155" errors="0" tests="1" skipped="0" disabled="0" failures="0">
  <testcase classname="header page" name="Should contain all header elements" time="1.154" />
 </testsuite>
 <testsuite name="Login Page Tests" timestamp="2021-04-25T16:08:50" hostname="localhost" time="1.588" errors="0" tests="5" skipped="0" disabled="0" failures="0">
  <testcase classname="Login Page Tests" name="should display all Login page elements" time="0.431" />
  <testcase classname="Login Page Tests" name="should display error message when no username or password are entered" time="0.245" />
  <testcase classname="Login Page Tests" name="should display error message when no password are entered" time="0.302" />
  <testcase classname="Login Page Tests" name="should display error message when no username are entered" time="0.291" />
  <testcase classname="Login Page Tests" name="should log user in" time="0.319" />
 </testsuite>
 <testsuite name="Nav test" timestamp="2021-04-25T16:08:51" hostname="localhost" time="4.517" errors="0" tests="8" skipped="0" disabled="0" failures="0">
  <testcase classname="Nav test" name="should display all Nav elements" time="0.526" />
  <testcase classname="Nav test" name="should display Worlveine Modal elements" time="0.859" />
  <testcase classname="Nav test" name="should display Spider-man Modal elements" time="0.846" />
  <testcase classname="Nav test" name="should display Login page without email and pwd" time="0.334" />
  <testcase classname="Nav test" name="should display Login page with email and pwd" time="0.559" />
  <testcase classname="Nav test" name="should display Login page with email and pwd" time="0.455" />
  <testcase classname="Nav test" name="it should display alert for not found" time="0.472" />
  <testcase classname="Nav test" name="it should display alert for wolverine" time="0.466" />
 </testsuite>
 <testsuite name="Roster Page" timestamp="2021-04-25T16:08:56" hostname="localhost" time="1.505" errors="0" tests="2" skipped="0" disabled="0" failures="0">
  <testcase classname="Roster Page" name="should display all default roster elements" time="0.931" />
  <testcase classname="Roster Page" name="it should add a hero on submit" time="0.573" />
 </testsuite>
 <testsuite name="Super Hero Page" timestamp="2021-04-25T16:08:58" hostname="localhost" time="0.309" errors="0" tests="1" skipped="0" disabled="0" failures="0">
  <testcase classname="Super Hero Page" name="should load the correct URL" time="0.309" />
 </testsuite>
 <testsuite name="Vote Page" timestamp="2021-04-25T16:08:58" hostname="localhost" time="1.734" errors="0" tests="2" skipped="0" disabled="0" failures="0">
  <testcase classname="Vote Page" name="should display all elements" time="1.359" />
  <testcase classname="Vote Page" name="should add 1 to X-men test" time="0.375" />
 </testsuite>
</testsuites>